SF:/home/sascha/RC/rapid-classification-ai-trainer/model/results/accuracycurve.h
DA:26,0
DA:16,0
DA:19,0
DA:20,0
DA:21,0
DA:23,0
DA:27,0
DA:28,0
DA:29,0
DA:14,0
DA:1,0
end_of_record
SF:/home/sascha/RC/rapid-classification-ai-trainer/view/utilities/imagegallery.h
DA:158,0
DA:159,0
DA:160,0
DA:140,0
DA:146,0
DA:153,0
DA:138,0
DA:164,0
DA:165,0
DA:168,0
DA:169,0
DA:25,1
DA:27,0
DA:34,1
DA:41,1
DA:48,1
DA:55,1
DA:62,1
DA:69,1
DA:76,1
DA:83,1
DA:90,1
DA:97,1
DA:103,1
DA:110,1
DA:119,1
DA:128,1
DA:131,0
DA:15,0
DA:1,0
end_of_record
SF:/home/sascha/RC/rapid-classification-ai-trainer/controller/aicontroller.h
DA:100,0
DA:101,0
DA:102,0
DA:103,0
DA:104,0
DA:105,0
DA:106,0
DA:107,0
DA:29,1
DA:36,1
DA:41,1
DA:46,1
DA:51,1
DA:56,1
DA:62,1
DA:67,1
DA:73,1
DA:79,1
DA:85,1
DA:91,1
DA:97,1
DA:19,1
DA:1,0
end_of_record
SF:/home/sascha/RC/rapid-classification-ai-trainer/model/pluginusage/aithread.h
DA:17,0
DA:18,0
DA:19,0
DA:20,0
DA:10,0
DA:13,0
DA:8,0
DA:1,0
end_of_record
SF:/home/sascha/RC/rapid-classification-ai-trainer/view/aitrainingwidget.h
DA:90,0
DA:21,1
DA:23,0
DA:29,1
DA:35,1
DA:42,1
DA:50,1
DA:57,1
DA:62,1
DA:67,1
DA:72,1
DA:76,0
DA:81,0
DA:83,0
DA:85,0
DA:87,0
DA:13,1
DA:1,0
end_of_record
SF:/home/sascha/RC/rapid-classification-ai-trainer/view/utilities/aspectratiolabel.h
DA:21,0
DA:22,0
DA:8,0
DA:9,0
DA:13,0
DA:16,0
DA:19,0
DA:6,0
DA:1,0
end_of_record
SF:/home/sascha/RC/rapid-classification-ai-trainer/controller/automationcontroller.h
DA:80,0
DA:81,0
DA:82,0
DA:24,1
DA:32,1
DA:38,1
DA:45,1
DA:52,1
DA:58,1
DA:63,1
DA:70,1
DA:77,1
DA:14,1
DA:1,0
end_of_record
SF:/home/sascha/RC/rapid-classification-ai-trainer/view/automationwidget.h
DA:136,0
DA:24,1
DA:26,0
DA:37,1
DA:44,1
DA:52,1
DA:58,1
DA:66,1
DA:72,1
DA:79,1
DA:86,1
DA:92,1
DA:98,1
DA:105,1
DA:112,1
DA:116,0
DA:119,0
DA:121,0
DA:123,0
DA:125,0
DA:127,0
DA:129,0
DA:131,0
DA:133,0
DA:15,1
DA:1,0
end_of_record
SF:/home/sascha/RC/rapid-classification-ai-trainer/model/automation/automator.h
DA:132,0
DA:133,0
DA:134,0
DA:135,0
DA:137,0
DA:138,0
DA:25,1
DA:31,1
DA:37,1
DA:44,1
DA:51,1
DA:58,1
DA:65,1
DA:72,1
DA:79,1
DA:88,1
DA:96,1
DA:108,1
DA:115,1
DA:122,1
DA:128,1
DA:16,1
DA:1,0
end_of_record
SF:/home/sascha/RC/rapid-classification-ai-trainer/plugins/classificationplugins/mmclassificationplugin/basemodel.h
DA:39,0
DA:40,0
DA:41,0
DA:18,1
DA:24,1
DA:30,1
DA:36,1
DA:10,1
DA:1,0
end_of_record
SF:/home/sascha/RC/rapid-classification-ai-trainer/plugins/imageplugins/bingplugin/bingplugin.h
DA:124,0
DA:125,0
DA:126,0
DA:127,0
DA:129,0
DA:130,0
DA:141,1
DA:146,1
DA:150,1
DA:154,1
DA:159,1
DA:164,1
DA:167,0
DA:168,0
DA:169,0
DA:69,1
DA:1,0
end_of_record
SF:/home/sascha/RC/rapid-classification-ai-trainer/plugins/imageplugins/bingplugin/bingsettings.h
DA:38,0
DA:39,0
DA:40,0
DA:17,0
DA:18,0
DA:22,1
DA:26,1
DA:31,1
DA:13,0
DA:1,0
end_of_record
SF:/home/sascha/RC/rapid-classification-ai-trainer/view/utilities/canvas.h
DA:8,0
DA:11,0
DA:13,0
DA:15,0
DA:17,0
DA:21,0
DA:6,0
DA:1,0
end_of_record
SF:/home/sascha/RC/rapid-classification-ai-trainer/model/utilities/ce_string.h
DA:6,0
DA:5,0
DA:1,0
end_of_record
SF:/home/sascha/RC/rapid-classification-ai-trainer/model/automation/classificationcommand.h
DA:46,0
DA:47,0
DA:48,0
DA:49,0
DA:50,0
DA:51,0
DA:53,0
DA:54,0
DA:55,0
DA:56,0
DA:57,0
DA:27,1
DA:34,1
DA:42,1
DA:15,1
DA:1,0
end_of_record
SF:/home/sascha/RC/rapid-classification-ai-trainer/model/results/classificationgraphics.h
DA:30,0
DA:16,0
DA:19,0
DA:21,0
DA:23,0
DA:25,0
DA:27,0
DA:32,0
DA:34,0
DA:36,0
DA:38,0
DA:13,0
DA:1,0
end_of_record
SF:/home/sascha/RC/rapid-classification-ai-trainer/plugins/classificationplugins/classificationplugin.h
DA:15,0
DA:16,0
DA:17,0
DA:18,0
DA:19,0
DA:20,0
DA:21,0
DA:22,0
DA:23,0
DA:13,0
DA:28,0
DA:1,0
end_of_record
SF:/home/sascha/RC/rapid-classification-ai-trainer/plugins/classificationplugins/classificationpluginmanager.h
DA:14,0
DA:45,0
DA:46,0
DA:13,0
DA:19,0
DA:20,0
DA:28,1
DA:30,1
DA:31,1
DA:32,1
DA:33,0
DA:34,1
DA:35,0
DA:36,0
DA:37,0
DA:38,0
DA:39,0
DA:40,0
DA:41,0
DA:43,0
DA:22,0
DA:12,0
DA:1,0
end_of_record
SF:/home/sascha/RC/rapid-classification-ai-trainer/plugins/results/classificationresult.h
DA:14,0
DA:15,0
DA:16,0
DA:18,0
DA:21,0
DA:23,0
DA:25,0
DA:27,0
DA:29,0
DA:31,0
DA:12,0
DA:1,0
end_of_record
SF:/home/sascha/RC/rapid-classification-ai-trainer/view/results/classificationresultswidget.h
DA:22,0
DA:15,0
DA:17,0
DA:19,0
DA:24,0
DA:26,0
DA:28,0
DA:30,0
DA:34,0
DA:37,0
DA:39,0
DA:41,0
DA:43,0
DA:11,0
DA:1,0
end_of_record
SF:/home/sascha/RC/rapid-classification-ai-trainer/view/results/classificationresultview.h
DA:34,0
DA:35,0
DA:20,0
DA:23,0
DA:25,0
DA:27,0
DA:29,0
DA:31,0
DA:37,1
DA:15,0
DA:1,0
end_of_record
SF:/home/sascha/RC/rapid-classification-ai-trainer/model/pluginusage/classificationthread.h
DA:18,0
DA:19,0
DA:20,0
DA:21,0
DA:22,0
DA:23,0
DA:24,0
DA:25,0
DA:11,0
DA:12,0
DA:15,0
DA:8,0
DA:1,0
end_of_record
SF:/home/sascha/RC/rapid-classification-ai-trainer/model/pluginusage/classifier.h
DA:28,0
DA:29,0
DA:13,0
DA:15,0
DA:19,0
DA:20,0
DA:24,0
DA:25,0
DA:9,0
DA:1,0
end_of_record
SF:/home/sascha/RC/rapid-classification-ai-trainer/model/automation/command.h
DA:20,1
DA:12,1
DA:1,0
end_of_record
SF:/home/sascha/RC/rapid-classification-ai-trainer/controller/configurationcontroller.h
DA:42,0
DA:44,0
DA:46,0
DA:21,1
DA:27,1
DA:35,1
DA:40,1
DA:14,1
DA:1,0
end_of_record
SF:/home/sascha/RC/rapid-classification-ai-trainer/view/configurationdialog.h
DA:60,0
DA:62,0
DA:63,0
DA:64,0
DA:66,0
DA:24,0
DA:25,0
DA:31,1
DA:36,1
DA:41,1
DA:46,1
DA:57,1
DA:71,1
DA:76,1
DA:81,1
DA:86,1
DA:20,1
DA:1,0
end_of_record
SF:/home/sascha/RC/rapid-classification-ai-trainer/model/results/confusionmatrix.h
DA:69,0
DA:70,0
DA:71,0
DA:26,1
DA:33,1
DA:40,1
DA:47,1
DA:54,1
DA:60,1
DA:66,1
DA:78,1
DA:85,1
DA:91,1
DA:97,1
DA:16,1
DA:1,0
end_of_record
SF:/home/sascha/RC/rapid-classification-ai-trainer/controller/controller.h
DA:38,0
DA:40,0
DA:42,0
DA:44,0
DA:46,0
DA:48,0
DA:50,0
DA:52,0
DA:54,0
DA:56,0
DA:58,0
DA:28,1
DA:35,1
DA:21,1
DA:1,0
end_of_record
SF:/home/sascha/RC/rapid-classification-ai-trainer/view/utilities/customlistwidget.h
DA:26,1
DA:32,1
DA:38,1
DA:42,0
DA:19,1
DA:11,0
DA:12,0
DA:1,0
end_of_record
SF:/home/sascha/RC/rapid-classification-ai-trainer/view/utilities/customtabbar.h
DA:36,0
DA:30,1
DA:33,0
DA:24,0
DA:18,0
DA:19,0
DA:1,0
end_of_record
SF:/home/sascha/RC/rapid-classification-ai-trainer/view/utilities/customtablewidget.h
DA:61,0
DA:20,1
DA:26,1
DA:34,1
DA:41,1
DA:49,1
DA:57,1
DA:69,1
DA:14,0
DA:1,0
end_of_record
SF:/home/sascha/RC/rapid-classification-ai-trainer/view/utilities/customtabwidget.h
DA:16,1
DA:10,0
DA:1,0
end_of_record
SF:/home/sascha/RC/rapid-classification-ai-trainer/model/datamanager.h
DA:291,0
DA:292,0
DA:293,0
DA:15,0
DA:17,0
DA:33,1
DA:39,1
DA:47,1
DA:53,1
DA:59,1
DA:65,1
DA:71,1
DA:77,1
DA:82,1
DA:88,1
DA:94,1
DA:100,1
DA:109,1
DA:121,1
DA:133,1
DA:140,1
DA:148,1
DA:154,1
DA:161,1
DA:166,1
DA:171,1
DA:179,1
DA:187,1
DA:190,0
DA:197,1
DA:202,1
DA:207,1
DA:213,1
DA:218,1
DA:224,1
DA:230,1
DA:235,1
DA:241,1
DA:246,1
DA:252,1
DA:257,1
DA:262,1
DA:273,1
DA:278,1
DA:283,1
DA:288,1
DA:23,1
DA:295,0
DA:13,0
DA:1,0
end_of_record
SF:/home/sascha/RC/rapid-classification-ai-trainer/view/utilities/tags.cpp
DA:94,0
DA:95,0
DA:96,0
DA:117,0
DA:118,0
DA:83,0
DA:86,0
DA:92,0
DA:98,0
DA:104,0
DA:108,0
DA:112,0
DA:82,1
DA:421,0
DA:422,0
DA:423,0
DA:424,0
DA:425,0
DA:426,0
DA:427,0
DA:428,0
DA:429,0
DA:430,0
DA:431,0
DA:432,0
DA:127,0
DA:139,0
DA:155,0
DA:161,0
DA:188,0
DA:196,0
DA:210,0
DA:223,0
DA:230,0
DA:247,0
DA:251,0
DA:255,0
DA:263,0
DA:274,0
DA:282,0
DA:286,0
DA:290,0
DA:294,0
DA:298,0
DA:304,0
DA:312,0
DA:325,0
DA:329,0
DA:335,0
DA:343,0
DA:348,0
DA:353,0
DA:370,0
DA:374,0
DA:378,0
DA:401,0
DA:408,0
DA:415,0
DA:149,0
DA:126,0
DA:76,0
DA:77,0
DA:75,0
DA:56,0
DA:57,0
DA:58,0
DA:59,0
DA:61,0
DA:62,0
DA:63,0
DA:65,0
DA:66,0
DA:67,0
DA:69,0
DA:70,0
DA:71,0
DA:72,0
DA:73,0
DA:122,0
DA:54,0
DA:51,0
DA:1,0
end_of_record
SF:/home/sascha/RC/rapid-classification-ai-trainer/plugins/imageplugins/flickrplugin/flickrplugin.h
DA:131,0
DA:132,0
DA:133,0
DA:134,0
DA:136,0
DA:123,1
DA:124,1
DA:125,1
DA:126,1
DA:127,1
DA:128,1
DA:137,0
DA:140,0
DA:141,0
DA:142,0
DA:69,1
DA:1,0
end_of_record
SF:/home/sascha/RC/rapid-classification-ai-trainer/plugins/imageplugins/flickrplugin/flickrsettings.h
DA:44,0
DA:45,0
DA:46,0
DA:47,0
DA:48,0
DA:17,0
DA:18,0
DA:22,1
DA:26,1
DA:31,1
DA:36,1
DA:41,1
DA:13,0
DA:1,0
end_of_record
SF:/home/sascha/RC/rapid-classification-ai-trainer/plugins/imageplugins/folderplugin/folderconfigwidget.h
DA:66,0
DA:27,1
DA:29,0
DA:36,1
DA:43,1
DA:50,1
DA:57,1
DA:61,0
DA:63,0
DA:15,1
DA:1,0
end_of_record
SF:/home/sascha/RC/rapid-classification-ai-trainer/plugins/imageplugins/folderplugin/folderplugin.h
DA:76,0
DA:77,0
DA:78,0
DA:79,0
DA:37,1
DA:44,1
DA:50,1
DA:56,1
DA:63,1
DA:70,1
DA:73,0
DA:80,0
DA:22,1
DA:1,0
end_of_record
SF:/home/sascha/RC/rapid-classification-ai-trainer/view/results/genericcomparisonwidget.h
DA:67,0
DA:68,0
DA:69,0
DA:70,0
DA:71,0
DA:72,0
DA:29,0
DA:31,0
DA:43,1
DA:51,1
DA:53,0
DA:55,0
DA:58,0
DA:60,0
DA:62,0
DA:64,0
DA:74,0
DA:76,0
DA:78,0
DA:80,0
DA:82,0
DA:84,0
DA:88,0
DA:90,0
DA:92,0
DA:24,0
DA:1,0
end_of_record
SF:/home/sascha/RC/rapid-classification-ai-trainer/view/results/genericgraphicsview.h
DA:29,0
DA:30,0
DA:12,0
DA:15,0
DA:17,0
DA:20,0
DA:22,0
DA:24,0
DA:26,0
DA:8,0
DA:1,0
end_of_record
SF:/home/sascha/RC/rapid-classification-ai-trainer/model/results/genericresultgraphics.h
DA:17,0
DA:18,0
DA:19,0
DA:20,0
DA:21,0
DA:23,0
DA:25,0
DA:28,0
DA:30,0
DA:32,0
DA:34,0
DA:36,0
DA:38,0
DA:40,0
DA:43,0
DA:14,0
DA:1,0
end_of_record
SF:/home/sascha/RC/rapid-classification-ai-trainer/view/globalsettingswidget.h
DA:118,0
DA:22,1
DA:23,0
DA:29,1
DA:35,1
DA:41,1
DA:47,1
DA:53,1
DA:58,1
DA:64,1
DA:70,1
DA:76,1
DA:82,1
DA:89,1
DA:94,1
DA:99,1
DA:104,1
DA:109,0
DA:113,0
DA:114,0
DA:115,0
DA:14,1
DA:1,0
end_of_record
SF:/home/sascha/RC/rapid-classification-ai-trainer/controller/imagecontroller.h
DA:116,0
DA:117,0
DA:118,0
DA:119,0
DA:120,0
DA:121,0
DA:28,1
DA:37,1
DA:47,1
DA:53,1
DA:60,1
DA:66,1
DA:72,1
DA:79,1
DA:86,1
DA:92,1
DA:100,1
DA:107,1
DA:112,1
DA:122,0
DA:123,0
DA:18,1
DA:1,0
end_of_record
SF:/home/sascha/RC/rapid-classification-ai-trainer/view/utilities/imagegallerytree.h
DA:50,0
DA:21,1
DA:27,1
DA:35,1
DA:42,1
DA:47,1
DA:13,0
DA:1,0
end_of_record
SF:/home/sascha/RC/rapid-classification-ai-trainer/model/imageinspectionmodel.h
DA:15,0
DA:16,0
DA:17,0
DA:18,0
DA:21,0
DA:22,0
DA:23,0
DA:24,0
DA:25,0
DA:26,0
DA:27,0
DA:28,0
DA:32,0
DA:33,0
DA:34,0
DA:35,0
DA:36,0
DA:37,0
DA:38,0
DA:11,0
DA:1,0
end_of_record
SF:/home/sascha/RC/rapid-classification-ai-trainer/view/imageinspectionwidget.h
DA:92,0
DA:23,1
DA:24,0
DA:32,1
DA:38,1
DA:44,1
DA:50,1
DA:56,1
DA:63,1
DA:68,1
DA:75,1
DA:82,1
DA:87,0
DA:89,0
DA:15,1
DA:1,0
end_of_record
SF:/home/sascha/RC/rapid-classification-ai-trainer/model/automation/imageloadcommand.h
DA:34,0
DA:35,0
DA:36,0
DA:37,0
DA:38,0
DA:39,0
DA:40,0
DA:41,0
DA:42,0
DA:24,1
DA:31,1
DA:14,1
DA:1,0
end_of_record
SF:/home/sascha/RC/rapid-classification-ai-trainer/model/pluginusage/imageloader.h
DA:16,0
DA:11,0
DA:12,0
DA:20,0
DA:21,0
DA:25,0
DA:8,0
DA:1,0
end_of_record
SF:/home/sascha/RC/rapid-classification-ai-trainer/plugins/imageplugins/imageloaderplugin.h
DA:20,1
DA:31,1
DA:12,1
DA:36,0
DA:1,0
end_of_record
SF:/home/sascha/RC/rapid-classification-ai-trainer/plugins/imageplugins/imageloaderpluginmanager.h
DA:22,0
DA:23,0
DA:24,0
DA:25,0
DA:21,0
DA:29,0
DA:30,0
DA:49,1
DA:57,1
DA:64,1
DA:72,1
DA:80,1
DA:92,1
DA:99,1
DA:37,1
DA:18,1
DA:1,0
end_of_record
SF:/home/sascha/RC/rapid-classification-ai-trainer/view/importfileswidget.h
DA:67,0
DA:21,0
DA:28,1
DA:29,0
DA:35,1
DA:41,1
DA:47,1
DA:53,1
DA:59,1
DA:64,1
DA:70,1
DA:74,0
DA:76,0
DA:77,0
DA:78,0
DA:80,0
DA:81,0
DA:84,0
DA:86,0
DA:92,1
DA:98,1
DA:104,1
DA:113,1
DA:118,1
DA:16,1
DA:1,0
end_of_record
SF:/home/sascha/RC/rapid-classification-ai-trainer/view/inputimageswidget.h
DA:64,0
DA:65,0
DA:24,1
DA:26,0
DA:35,1
DA:41,1
DA:50,1
DA:53,0
DA:56,0
DA:58,0
DA:60,0
DA:66,1
DA:15,1
DA:1,0
end_of_record
SF:/home/sascha/RC/rapid-classification-ai-trainer/view/mainwindow.h
DA:84,0
DA:85,0
DA:86,0
DA:87,0
DA:89,0
DA:90,0
DA:36,0
DA:43,1
DA:45,0
DA:47,0
DA:49,0
DA:51,0
DA:53,0
DA:55,0
DA:57,0
DA:59,0
DA:61,0
DA:68,1
DA:70,0
DA:74,0
DA:76,0
DA:81,0
DA:92,0
DA:31,0
DA:1,0
end_of_record
SF:/home/sascha/RC/rapid-classification-ai-trainer/model/utilities/mapadapt.h
DA:11,0
DA:7,0
DA:8,0
DA:9,0
DA:5,0
DA:1,0
end_of_record
SF:/home/sascha/RC/rapid-classification-ai-trainer/plugins/classificationplugins/mmclassificationplugin/mmclassificationconfigfilebuilder.h
DA:154,0
DA:156,0
DA:157,0
DA:159,0
DA:160,0
DA:161,0
DA:162,0
DA:164,0
DA:166,0
DA:168,0
DA:170,0
DA:171,0
DA:172,0
DA:173,0
DA:174,0
DA:175,0
DA:21,1
DA:27,1
DA:33,1
DA:45,1
DA:53,1
DA:60,1
DA:67,1
DA:74,1
DA:80,1
DA:87,1
DA:101,1
DA:123,1
DA:130,1
DA:137,1
DA:144,1
DA:94,1
DA:114,1
DA:148,0
DA:149,0
DA:150,0
DA:151,0
DA:152,0
DA:16,1
DA:1,0
end_of_record
SF:/home/sascha/RC/rapid-classification-ai-trainer/plugins/classificationplugins/mmclassificationplugin/mmclassificationinputoptions.h
DA:52,0
DA:24,1
DA:25,0
DA:31,1
DA:37,1
DA:43,1
DA:49,1
DA:57,0
DA:58,0
DA:14,1
DA:6,0
DA:1,0
end_of_record
SF:/home/sascha/RC/rapid-classification-ai-trainer/plugins/classificationplugins/mmclassificationplugin/mmclassificationjsonresultreader.h
DA:19,1
DA:27,1
DA:34,1
DA:43,1
DA:51,1
DA:10,1
DA:1,0
end_of_record
SF:/home/sascha/RC/rapid-classification-ai-trainer/plugins/classificationplugins/mmclassificationplugin/mmclassificationplugin.h
DA:38,0
DA:39,0
DA:40,0
DA:41,0
DA:42,0
DA:43,0
DA:44,0
DA:45,0
DA:47,0
DA:48,0
DA:49,0
DA:51,0
DA:52,0
DA:54,0
DA:55,0
DA:56,0
DA:57,0
DA:58,0
DA:60,0
DA:61,0
DA:62,0
DA:64,0
DA:65,0
DA:67,0
DA:68,0
DA:69,0
DA:70,0
DA:74,0
DA:77,0
DA:72,0
DA:75,0
DA:81,0
DA:87,1
DA:93,1
DA:98,1
DA:104,1
DA:109,1
DA:115,1
DA:123,1
DA:130,1
DA:142,1
DA:153,1
DA:164,1
DA:170,1
DA:173,0
DA:174,0
DA:32,1
DA:1,0
end_of_record
SF:/home/sascha/RC/rapid-classification-ai-trainer/plugins/classificationplugins/mmclassificationplugin/mmclassificationsettings.h
DA:58,0
DA:60,0
DA:62,0
DA:63,0
DA:64,0
DA:24,1
DA:26,0
DA:31,1
DA:36,1
DA:43,1
DA:49,1
DA:55,1
DA:16,1
DA:1,0
end_of_record
SF:/home/sascha/RC/rapid-classification-ai-trainer/plugins/classificationplugins/mmclassificationplugin/mmclassificiationdataaugmentationinput.h
DA:132,0
DA:135,0
DA:29,1
DA:31,0
DA:38,1
DA:45,1
DA:52,1
DA:58,1
DA:65,1
DA:72,1
DA:78,1
DA:85,1
DA:91,1
DA:97,1
DA:104,1
DA:111,1
DA:118,1
DA:125,1
DA:129,0
DA:130,0
DA:143,0
DA:144,0
DA:145,0
DA:146,0
DA:147,0
DA:148,0
DA:150,0
DA:151,0
DA:152,0
DA:153,0
DA:154,0
DA:155,0
DA:15,1
DA:1,0
end_of_record
SF:/home/sascha/RC/rapid-classification-ai-trainer/plugins/classificationplugins/mmclassificationplugin/model.h
DA:74,0
DA:75,0
DA:76,0
DA:77,0
DA:78,0
DA:79,0
DA:80,0
DA:23,1
DA:29,1
DA:35,1
DA:41,1
DA:47,1
DA:53,1
DA:59,1
DA:65,1
DA:71,1
DA:11,1
DA:1,0
end_of_record
SF:/home/sascha/RC/rapid-classification-ai-trainer/controller/modelcontroller.h
DA:59,0
DA:60,0
DA:61,0
DA:62,0
DA:17,0
DA:23,1
DA:31,1
DA:37,1
DA:41,1
DA:47,1
DA:53,1
DA:55,0
DA:57,0
DA:14,1
DA:1,0
end_of_record
SF:/home/sascha/RC/rapid-classification-ai-trainer/model/modelmanager.h
DA:110,0
DA:111,0
DA:112,0
DA:114,0
DA:116,0
DA:117,0
DA:119,0
DA:19,0
DA:21,0
DA:40,1
DA:47,1
DA:54,1
DA:59,1
DA:64,1
DA:69,1
DA:74,1
DA:82,1
DA:88,1
DA:96,1
DA:104,1
DA:107,0
DA:27,1
DA:121,0
DA:16,1
DA:1,0
end_of_record
SF:/home/sascha/RC/rapid-classification-ai-trainer/view/newmodeldialog.h
DA:58,0
DA:22,1
DA:23,0
DA:29,1
DA:34,1
DA:41,1
DA:50,1
DA:56,1
DA:61,0
DA:62,0
DA:13,1
DA:1,0
end_of_record
SF:/home/sascha/RC/rapid-classification-ai-trainer/view/newprojectdialog.h
DA:46,0
DA:21,1
DA:22,0
DA:27,1
DA:32,1
DA:37,1
DA:44,1
DA:50,0
DA:51,0
DA:13,1
DA:1,0
end_of_record
SF:/home/sascha/RC/rapid-classification-ai-trainer/plugins/plugin.h
DA:20,1
DA:27,1
DA:33,1
DA:40,1
DA:11,1
DA:1,0
end_of_record
SF:/home/sascha/RC/rapid-classification-ai-trainer/plugins/pluginmanager.h
DA:21,1
DA:28,1
DA:36,1
DA:43,1
DA:50,1
DA:11,1
DA:1,0
end_of_record
SF:/home/sascha/RC/rapid-classification-ai-trainer/view/utilities/popupmenu.h
DA:25,0
DA:16,1
DA:22,1
DA:8,0
DA:1,0
end_of_record
SF:/home/sascha/RC/rapid-classification-ai-trainer/model/pluginusage/progressable.h
DA:10,0
DA:14,0
DA:7,0
DA:1,0
end_of_record
SF:/home/sascha/RC/rapid-classification-ai-trainer/model/pluginusage/progressableplugin.h
DA:10,0
DA:13,0
DA:16,0
DA:17,0
DA:18,0
DA:19,0
DA:20,0
DA:7,0
DA:1,0
end_of_record
SF:/home/sascha/RC/rapid-classification-ai-trainer/controller/projectcontroller.h
DA:64,0
DA:65,0
DA:66,0
DA:67,0
DA:18,0
DA:23,1
DA:26,0
DA:32,1
DA:38,1
DA:44,1
DA:49,1
DA:55,1
DA:61,1
DA:15,1
DA:1,0
end_of_record
SF:/home/sascha/RC/rapid-classification-ai-trainer/model/projectmanager.h
DA:174,0
DA:175,0
DA:176,0
DA:177,0
DA:178,0
DA:179,0
DA:180,0
DA:181,0
DA:182,0
DA:183,0
DA:184,0
DA:186,0
DA:45,0
DA:47,0
DA:63,1
DA:71,1
DA:77,1
DA:83,1
DA:88,1
DA:94,1
DA:100,1
DA:106,1
DA:111,1
DA:117,1
DA:125,1
DA:132,1
DA:138,1
DA:144,1
DA:150,1
DA:155,1
DA:163,1
DA:169,1
DA:53,1
DA:172,0
DA:188,0
DA:42,1
DA:12,0
DA:13,0
DA:14,0
DA:15,0
DA:16,0
DA:17,0
DA:20,0
DA:21,0
DA:22,0
DA:23,0
DA:24,0
DA:25,0
DA:26,0
DA:27,0
DA:28,0
DA:29,0
DA:31,0
DA:32,0
DA:34,0
DA:37,0
DA:1,0
end_of_record
SF:/home/sascha/RC/rapid-classification-ai-trainer/view/removeprojectdialog.h
DA:14,0
DA:39,0
DA:41,0
DA:23,1
DA:24,0
DA:29,1
DA:36,1
DA:45,0
DA:46,0
DA:1,0
end_of_record
SF:/home/sascha/RC/rapid-classification-ai-trainer/view/utilities/qinputcontrol_p.h
DA:64,0
DA:78,0
DA:69,0
DA:71,0
DA:72,0
DA:75,0
DA:61,0
DA:1,0
end_of_record
SF:/home/sascha/RC/rapid-classification-ai-trainer/model/pluginusage/trainingsthread.h
DA:9,0
DA:20,0
DA:21,0
DA:22,0
DA:23,0
DA:24,0
DA:25,0
DA:26,0
DA:27,0
DA:12,0
DA:13,0
DA:14,0
DA:17,0
DA:1,0
end_of_record
SF:/home/sascha/RC/rapid-classification-ai-trainer/view/utilities/tags.hpp
DA:45,0
DA:81,0
DA:49,0
DA:50,0
DA:53,0
DA:54,0
DA:57,1
DA:60,1
DA:63,1
DA:66,0
DA:70,0
DA:71,0
DA:72,0
DA:73,0
DA:74,0
DA:75,0
DA:76,0
DA:77,0
DA:1,0
end_of_record
SF:/home/sascha/RC/rapid-classification-ai-trainer/view/removemodeldialog.h
DA:39,0
DA:41,0
DA:23,1
DA:24,0
DA:29,1
DA:35,1
DA:44,0
DA:45,0
DA:14,1
DA:1,0
end_of_record
SF:/home/sascha/RC/rapid-classification-ai-trainer/plugins/results/result.h
DA:6,0
DA:7,0
DA:10,0
DA:12,0
DA:14,0
DA:16,0
DA:22,0
DA:18,0
DA:20,0
DA:24,0
DA:26,0
DA:4,0
DA:1,0
end_of_record
SF:/home/sascha/RC/rapid-classification-ai-trainer/controller/resultscontroller.h
DA:28,0
DA:29,0
DA:30,0
DA:31,0
DA:32,0
DA:19,1
DA:23,0
DA:24,0
DA:25,0
DA:15,0
DA:1,0
end_of_record
SF:/home/sascha/RC/rapid-classification-ai-trainer/model/results/resultsexporter.h
DA:35,0
DA:36,0
DA:37,0
DA:22,0
DA:24,0
DA:28,0
DA:30,0
DA:32,0
DA:39,0
DA:41,0
DA:43,0
DA:46,0
DA:49,0
DA:18,0
DA:16,0
DA:1,0
end_of_record
SF:/home/sascha/RC/rapid-classification-ai-trainer/model/results/resultsimporter.h
DA:44,0
DA:45,0
DA:46,0
DA:18,0
DA:20,0
DA:25,1
DA:28,0
DA:32,1
DA:35,0
DA:39,1
DA:41,0
DA:48,0
DA:52,0
DA:54,0
DA:56,0
DA:60,0
DA:62,0
DA:14,0
DA:1,0
end_of_record
SF:/home/sascha/RC/rapid-classification-ai-trainer/model/results/resultsprocessor.h
DA:22,0
DA:26,1
DA:29,1
DA:30,0
DA:33,1
DA:34,0
DA:19,0
DA:16,0
DA:17,0
DA:1,0
end_of_record
SF:/home/sascha/RC/rapid-classification-ai-trainer/view/results/resultswidget.h
DA:39,0
DA:40,0
DA:41,0
DA:43,0
DA:17,0
DA:20,0
DA:22,0
DA:24,0
DA:26,0
DA:28,0
DA:30,0
DA:32,0
DA:36,0
DA:12,0
DA:1,0
end_of_record
SF:/home/sascha/RC/rapid-classification-ai-trainer/view/results/savableresultswidget.h
DA:13,0
DA:16,0
DA:20,0
DA:24,0
DA:26,0
DA:9,0
DA:1,0
end_of_record
SF:/home/sascha/RC/rapid-classification-ai-trainer/controller/settingscontroller.h
DA:76,0
DA:78,0
DA:27,1
DA:36,1
DA:43,1
DA:51,1
DA:59,1
DA:66,1
DA:73,1
DA:17,1
DA:1,0
end_of_record
SF:/home/sascha/RC/rapid-classification-ai-trainer/model/settingsmanager.h
DA:151,0
DA:152,0
DA:155,0
DA:22,0
DA:24,0
DA:39,1
DA:44,1
DA:50,1
DA:56,1
DA:61,1
DA:67,1
DA:72,1
DA:78,1
DA:83,1
DA:94,1
DA:100,1
DA:105,1
DA:111,1
DA:120,1
DA:132,1
DA:139,1
DA:147,1
DA:30,1
DA:157,0
DA:19,1
DA:11,0
DA:12,0
DA:13,0
DA:1,0
end_of_record
SF:/home/sascha/RC/rapid-classification-ai-trainer/view/settingsview.h
DA:124,0
DA:125,0
DA:127,0
DA:128,0
DA:129,0
DA:30,1
DA:31,0
DA:40,1
DA:47,1
DA:52,1
DA:59,1
DA:66,1
DA:73,1
DA:80,1
DA:87,1
DA:93,1
DA:103,1
DA:110,1
DA:113,0
DA:115,0
DA:117,0
DA:119,0
DA:120,0
DA:121,0
DA:20,1
DA:1,0
end_of_record
SF:/home/sascha/RC/rapid-classification-ai-trainer/model/automation/splitcommand.h
DA:37,0
DA:38,0
DA:39,0
DA:40,0
DA:41,0
DA:23,1
DA:31,1
DA:34,0
DA:13,1
DA:1,0
end_of_record
SF:/home/sascha/RC/rapid-classification-ai-trainer/view/startwidget.h
DA:58,0
DA:60,0
DA:61,0
DA:62,0
DA:26,1
DA:27,0
DA:32,1
DA:38,1
DA:44,1
DA:49,1
DA:52,0
DA:54,0
DA:55,0
DA:65,0
DA:66,0
DA:67,0
DA:71,0
DA:72,0
DA:73,0
DA:74,0
DA:75,0
DA:81,1
DA:87,1
DA:93,1
DA:95,0
DA:97,0
DA:18,1
DA:1,0
end_of_record
SF:/home/sascha/RC/rapid-classification-ai-trainer/view/utilities/staticlist.h
DA:19,0
DA:15,0
DA:16,0
DA:11,0
DA:1,0
end_of_record
SF:/home/sascha/RC/rapid-classification-ai-trainer/controller/tabcontroller.h
DA:37,0
DA:17,1
DA:22,1
DA:26,1
DA:30,1
DA:35,0
DA:10,1
DA:1,0
end_of_record
SF:/home/sascha/RC/rapid-classification-ai-trainer/model/automation/task.h
DA:118,0
DA:120,0
DA:121,0
DA:122,0
DA:123,0
DA:124,0
DA:125,0
DA:127,0
DA:128,0
DA:129,0
DA:34,1
DA:41,1
DA:49,1
DA:55,1
DA:61,1
DA:68,1
DA:73,1
DA:82,1
DA:89,1
DA:96,1
DA:106,1
DA:113,1
DA:24,1
DA:12,0
DA:1,0
end_of_record
SF:/home/sascha/RC/rapid-classification-ai-trainer/model/results/topaccuraciesgraphics.h
DA:28,0
DA:12,0
DA:15,0
DA:17,0
DA:19,0
DA:21,0
DA:23,0
DA:25,0
DA:30,0
DA:32,0
DA:34,0
DA:36,0
DA:10,0
DA:1,0
end_of_record
SF:/home/sascha/RC/rapid-classification-ai-trainer/view/results/topaccuraciesview.h
DA:43,0
DA:44,0
DA:46,0
DA:19,0
DA:22,0
DA:24,0
DA:26,0
DA:28,0
DA:30,0
DA:32,0
DA:36,0
DA:40,0
DA:48,0
DA:50,1
DA:14,0
DA:1,0
end_of_record
SF:/home/sascha/RC/rapid-classification-ai-trainer/model/pluginusage/trainer.h
DA:35,0
DA:36,0
DA:37,0
DA:38,0
DA:39,0
DA:15,0
DA:17,0
DA:19,0
DA:21,0
DA:25,0
DA:26,0
DA:27,0
DA:30,0
DA:31,0
DA:32,0
DA:11,0
DA:1,0
end_of_record
SF:/home/sascha/RC/rapid-classification-ai-trainer/model/automation/trainingcommand.h
DA:47,0
DA:48,0
DA:49,0
DA:50,0
DA:51,0
DA:52,0
DA:53,0
DA:54,0
DA:56,0
DA:57,0
DA:58,0
DA:59,0
DA:60,0
DA:61,0
DA:62,0
DA:29,1
DA:36,1
DA:44,1
DA:16,1
DA:1,0
end_of_record
SF:/home/sascha/RC/rapid-classification-ai-trainer/plugins/results/trainingresult.h
DA:14,0
DA:15,0
DA:16,0
DA:17,0
DA:18,0
DA:19,0
DA:20,0
DA:21,0
DA:24,0
DA:29,0
DA:31,0
DA:33,0
DA:35,0
DA:37,0
DA:39,0
DA:41,0
DA:43,0
DA:45,0
DA:47,0
DA:49,0
DA:12,0
DA:1,0
end_of_record
SF:/home/sascha/RC/rapid-classification-ai-trainer/view/results/trainingresultswidget.h
DA:29,0
DA:30,0
DA:31,0
DA:20,0
DA:22,0
DA:24,0
DA:26,0
DA:33,0
DA:35,0
DA:37,0
DA:39,0
DA:41,1
DA:45,0
DA:47,0
DA:49,0
DA:52,0
DA:55,0
DA:57,0
DA:59,0
DA:61,0
DA:63,0
DA:67,0
DA:16,0
DA:1,0
end_of_record
SF:/home/sascha/RC/rapid-classification-ai-trainer/view/results/trainingresultview.h
DA:35,0
DA:37,0
DA:38,0
DA:17,0
DA:20,0
DA:22,0
DA:24,0
DA:26,0
DA:28,0
DA:30,0
DA:32,0
DA:13,0
DA:1,0
end_of_record
SF:/home/sascha/RC/rapid-classification-ai-trainer/model/results/accuracycurve.py
DA:15,0
DA:71,0
DA:72,0
DA:73,0
DA:77,0
DA:78,0
DA:79,0
DA:82,0
DA:84,0
DA:85,0
DA:23,0
DA:1,0
end_of_record
SF:/home/sascha/RC/rapid-classification-ai-trainer/plugins/imageplugins/bingplugin/bingapi_photosearch.py
DA:13,0
DA:15,0
DA:16,0
DA:17,0
DA:18,0
DA:20,0
DA:24,0
DA:25,0
DA:27,0
DA:30,0
DA:31,0
DA:35,0
DA:36,0
DA:1,0
end_of_record
SF:/home/sascha/RC/rapid-classification-ai-trainer/model/results/classificationgraphics.py
DA:15,0
DA:82,0
DA:84,0
DA:85,0
DA:93,0
DA:94,0
DA:95,0
DA:96,0
DA:97,0
DA:100,0
DA:102,0
DA:103,0
DA:22,0
DA:26,0
DA:34,0
DA:1,0
end_of_record
SF:/home/sascha/RC/rapid-classification-ai-trainer/model/results/confusionmatrix.py
DA:15,0
DA:52,0
DA:53,0
DA:54,0
DA:59,0
DA:60,0
DA:62,0
DA:63,0
DA:64,0
DA:65,0
DA:66,0
DA:68,0
DA:71,0
DA:73,0
DA:74,0
DA:22,0
DA:1,0
end_of_record
SF:/home/sascha/RC/rapid-classification-ai-trainer/plugins/imageplugins/flickrplugin/flickrapi_photosearch.py
DA:12,0
DA:13,0
DA:14,0
DA:16,0
DA:17,0
DA:18,0
DA:19,0
DA:21,0
DA:29,0
DA:30,0
DA:32,0
DA:33,0
DA:38,0
DA:39,0
DA:44,0
DA:45,0
DA:46,0
DA:49,0
DA:54,0
DA:56,0
DA:58,0
DA:68,0
DA:70,0
DA:1,0
end_of_record
SF:/home/sascha/RC/rapid-classification-ai-trainer/plugins/classificationplugins/mmclassificationplugin/mmclassification_preview_pipeline.py
DA:11,0
DA:21,0
DA:34,0
DA:1,0
end_of_record
SF:/home/sascha/RC/rapid-classification-ai-trainer/plugins/classificationplugins/mmclassificationplugin/mmclassification_test.py
DA:27,0
DA:86,0
DA:1,0
end_of_record
SF:/home/sascha/RC/rapid-classification-ai-trainer/plugins/classificationplugins/mmclassificationplugin/mmclassification_train.py
DA:19,0
DA:62,0
DA:1,0
end_of_record
SF:/home/sascha/RC/rapid-classification-ai-trainer/[STL]
DA:1,1
end_of_record
SF:/home/sascha/RC/rapid-classification-ai-trainer/plugins/imageplugins/flickrplugin/test.py
DA:5,0
DA:1,0
end_of_record
SF:/home/sascha/RC/rapid-classification-ai-trainer/model/results/topaccuraciesgraphics.py
DA:15,0
DA:89,0
DA:91,0
DA:92,0
DA:93,0
DA:98,0
DA:99,0
DA:100,0
DA:101,0
DA:104,0
DA:106,0
DA:107,0
DA:22,0
DA:1,0
end_of_record
SF:/home/sascha/RC/rapid-classification-ai-trainer/languages/ts2txt.py
DA:7,0
DA:11,0
DA:13,0
DA:15,0
DA:21,0
DA:1,0
end_of_record
SF:/home/sascha/RC/rapid-classification-ai-trainer/languages/txt2ts.py
DA:10,0
DA:14,0
DA:15,0
DA:17,0
DA:18,0
DA:22,0
DA:23,0
DA:29,0
DA:34,0
DA:1,0
end_of_record
SF:/home/sascha/RC/rapid-classification-ai-trainer/CMakeLists.txt
DA:1,0
end_of_record
SF:/home/sascha/RC/rapid-classification-ai-trainer/plugins/classificationplugins/mmclassificationplugin/CMakeLists.txt
DA:1,0
end_of_record
SF:/home/sascha/RC/rapid-classification-ai-trainer/plugins/imageplugins/bingplugin/CMakeLists.txt
DA:1,0
end_of_record
SF:/home/sascha/RC/rapid-classification-ai-trainer/plugins/imageplugins/flickrplugin/CMakeLists.txt
DA:1,0
end_of_record
SF:/home/sascha/RC/rapid-classification-ai-trainer/plugins/imageplugins/folderplugin/CMakeLists.txt
DA:1,0
end_of_record
SF:/home/sascha/RC/rapid-classification-ai-trainer/controller/aicontroller.cpp
DA:1,0
end_of_record
SF:/home/sascha/RC/rapid-classification-ai-trainer/controller/automationcontroller.cpp
DA:1,0
end_of_record
SF:/home/sascha/RC/rapid-classification-ai-trainer/controller/configurationcontroller.cpp
DA:1,0
end_of_record
SF:/home/sascha/RC/rapid-classification-ai-trainer/controller/controller.cpp
DA:1,0
end_of_record
SF:/home/sascha/RC/rapid-classification-ai-trainer/controller/imagecontroller.cpp
DA:1,0
end_of_record
SF:/home/sascha/RC/rapid-classification-ai-trainer/controller/modelcontroller.cpp
DA:1,0
end_of_record
SF:/home/sascha/RC/rapid-classification-ai-trainer/controller/projectcontroller.cpp
DA:1,0
end_of_record
SF:/home/sascha/RC/rapid-classification-ai-trainer/controller/resultscontroller.cpp
DA:1,0
end_of_record
SF:/home/sascha/RC/rapid-classification-ai-trainer/controller/settingscontroller.cpp
DA:1,0
end_of_record
SF:/home/sascha/RC/rapid-classification-ai-trainer/controller/tabcontroller.cpp
DA:3,0
DA:1,0
end_of_record
SF:/home/sascha/RC/rapid-classification-ai-trainer/model/automation/automator.cpp
DA:1,0
end_of_record
SF:/home/sascha/RC/rapid-classification-ai-trainer/model/automation/classificationcommand.cpp
DA:1,0
end_of_record
SF:/home/sascha/RC/rapid-classification-ai-trainer/model/automation/command.cpp
DA:1,0
end_of_record
SF:/home/sascha/RC/rapid-classification-ai-trainer/model/automation/imageloadcommand.cpp
DA:1,0
end_of_record
SF:/home/sascha/RC/rapid-classification-ai-trainer/model/automation/splitcommand.cpp
DA:1,0
end_of_record
SF:/home/sascha/RC/rapid-classification-ai-trainer/model/automation/task.cpp
DA:1,0
end_of_record
SF:/home/sascha/RC/rapid-classification-ai-trainer/model/automation/trainingcommand.cpp
DA:1,0
end_of_record
SF:/home/sascha/RC/rapid-classification-ai-trainer/model/datamanager.cpp
DA:1,0
end_of_record
SF:/home/sascha/RC/rapid-classification-ai-trainer/model/imageinspectionmodel.cpp
DA:1,0
end_of_record
SF:/home/sascha/RC/rapid-classification-ai-trainer/model/modelmanager.cpp
DA:1,0
end_of_record
SF:/home/sascha/RC/rapid-classification-ai-trainer/model/pluginusage/classificationthread.cpp
DA:1,0
end_of_record
SF:/home/sascha/RC/rapid-classification-ai-trainer/model/pluginusage/classifier.cpp
DA:1,0
end_of_record
SF:/home/sascha/RC/rapid-classification-ai-trainer/model/pluginusage/imageloader.cpp
DA:1,0
end_of_record
SF:/home/sascha/RC/rapid-classification-ai-trainer/model/pluginusage/trainer.cpp
DA:1,0
end_of_record
SF:/home/sascha/RC/rapid-classification-ai-trainer/model/pluginusage/trainingsthread.cpp
DA:1,0
end_of_record
SF:/home/sascha/RC/rapid-classification-ai-trainer/model/projectmanager.cpp
DA:10,0
DA:11,0
DA:12,0
DA:13,0
DA:14,0
DA:15,0
DA:17,0
DA:18,0
DA:19,0
DA:20,0
DA:21,0
DA:22,0
DA:23,0
DA:24,0
DA:25,0
DA:26,0
DA:28,0
DA:30,0
DA:31,0
DA:33,0
DA:1,0
end_of_record
SF:/home/sascha/RC/rapid-classification-ai-trainer/model/results/accuracycurve.cpp
DA:1,0
end_of_record
SF:/home/sascha/RC/rapid-classification-ai-trainer/model/results/classificationgraphics.cpp
DA:1,0
end_of_record
SF:/home/sascha/RC/rapid-classification-ai-trainer/model/results/confusionmatrix.cpp
DA:1,0
end_of_record
SF:/home/sascha/RC/rapid-classification-ai-trainer/model/results/genericresultgraphics.cpp
DA:1,0
end_of_record
SF:/home/sascha/RC/rapid-classification-ai-trainer/model/results/resultsexporter.cpp
DA:1,0
end_of_record
SF:/home/sascha/RC/rapid-classification-ai-trainer/model/results/resultsimporter.cpp
DA:3,0
DA:1,0
end_of_record
SF:/home/sascha/RC/rapid-classification-ai-trainer/model/results/resultsprocessor.cpp
DA:3,0
DA:4,0
DA:1,0
end_of_record
SF:/home/sascha/RC/rapid-classification-ai-trainer/model/results/topaccuraciesgraphics.cpp
DA:1,0
end_of_record
SF:/home/sascha/RC/rapid-classification-ai-trainer/model/settingsmanager.cpp
DA:4,0
DA:5,0
DA:6,0
DA:1,0
end_of_record
SF:/home/sascha/RC/rapid-classification-ai-trainer/plugins/classificationplugins/classificationpluginmanager.cpp
DA:1,0
end_of_record
SF:/home/sascha/RC/rapid-classification-ai-trainer/plugins/classificationplugins/mmclassificationplugin/basemodel.cpp
DA:1,0
end_of_record
SF:/home/sascha/RC/rapid-classification-ai-trainer/plugins/classificationplugins/mmclassificationplugin/mmclassificationconfigfilebuilder.cpp
DA:1,0
end_of_record
SF:/home/sascha/RC/rapid-classification-ai-trainer/plugins/classificationplugins/mmclassificationplugin/mmclassificationinputoptions.cpp
DA:1,0
end_of_record
SF:/home/sascha/RC/rapid-classification-ai-trainer/plugins/classificationplugins/mmclassificationplugin/mmclassificationjsonresultreader.cpp
DA:1,0
end_of_record
SF:/home/sascha/RC/rapid-classification-ai-trainer/plugins/classificationplugins/mmclassificationplugin/mmclassificationplugin.cpp
DA:1,0
end_of_record
SF:/home/sascha/RC/rapid-classification-ai-trainer/plugins/classificationplugins/mmclassificationplugin/mmclassificationsettings.cpp
DA:1,0
end_of_record
SF:/home/sascha/RC/rapid-classification-ai-trainer/plugins/classificationplugins/mmclassificationplugin/mmclassificiationdataaugmentationinput.cpp
DA:1,0
end_of_record
SF:/home/sascha/RC/rapid-classification-ai-trainer/plugins/classificationplugins/mmclassificationplugin/model.cpp
DA:1,0
end_of_record
SF:/home/sascha/RC/rapid-classification-ai-trainer/plugins/imageplugins/bingplugin/bingplugin.cpp
DA:1,0
end_of_record
SF:/home/sascha/RC/rapid-classification-ai-trainer/plugins/imageplugins/bingplugin/bingsettings.cpp
DA:1,0
end_of_record
SF:/home/sascha/RC/rapid-classification-ai-trainer/plugins/imageplugins/flickrplugin/Flickr API Keys Sascha Rolinger.txt
DA:1,0
end_of_record
SF:/home/sascha/RC/rapid-classification-ai-trainer/plugins/imageplugins/flickrplugin/flickrplugin.cpp
DA:1,0
end_of_record
SF:/home/sascha/RC/rapid-classification-ai-trainer/plugins/imageplugins/flickrplugin/flickrsettings.cpp
DA:1,0
end_of_record
SF:/home/sascha/RC/rapid-classification-ai-trainer/plugins/imageplugins/folderplugin/folderconfigwidget.cpp
DA:1,0
end_of_record
SF:/home/sascha/RC/rapid-classification-ai-trainer/plugins/imageplugins/folderplugin/folderplugin.cpp
DA:1,0
end_of_record
SF:/home/sascha/RC/rapid-classification-ai-trainer/plugins/imageplugins/imageloaderpluginmanager.cpp
DA:1,0
end_of_record
SF:/home/sascha/RC/rapid-classification-ai-trainer/plugins/plugin.cpp
DA:1,0
end_of_record
SF:/home/sascha/RC/rapid-classification-ai-trainer/plugins/pluginmanager.cpp
DA:1,0
end_of_record
SF:/home/sascha/RC/rapid-classification-ai-trainer/plugins/results/classificationresult.cpp
DA:1,0
end_of_record
SF:/home/sascha/RC/rapid-classification-ai-trainer/plugins/results/result.cpp
DA:1,0
end_of_record
SF:/home/sascha/RC/rapid-classification-ai-trainer/plugins/results/trainingresult.cpp
DA:1,0
end_of_record
SF:/home/sascha/RC/rapid-classification-ai-trainer/README.md
DA:1,0
end_of_record
SF:/home/sascha/RC/rapid-classification-ai-trainer/Resources/Fonts/LICENSE.txt
DA:1,0
end_of_record
SF:/home/sascha/RC/rapid-classification-ai-trainer/version.h
DA:4,0
DA:6,0
DA:7,0
DA:9,0
DA:10,0
DA:12,0
DA:13,0
DA:14,0
DA:15,0
DA:16,0
DA:17,0
DA:18,0
DA:19,0
DA:21,0
DA:1,0
end_of_record
SF:/home/sascha/RC/rapid-classification-ai-trainer/view/aitrainingwidget.cpp
DA:1,0
end_of_record
SF:/home/sascha/RC/rapid-classification-ai-trainer/view/automationwidget.cpp
DA:1,0
end_of_record
SF:/home/sascha/RC/rapid-classification-ai-trainer/view/configurationdialog.cpp
DA:1,0
end_of_record
SF:/home/sascha/RC/rapid-classification-ai-trainer/view/globalsettingswidget.cpp
DA:1,0
end_of_record
SF:/home/sascha/RC/rapid-classification-ai-trainer/view/imageinspectionwidget.cpp
DA:1,0
end_of_record
SF:/home/sascha/RC/rapid-classification-ai-trainer/view/importfileswidget.cpp
DA:1,0
end_of_record
SF:/home/sascha/RC/rapid-classification-ai-trainer/view/inputimageswidget.cpp
DA:1,0
end_of_record
SF:/home/sascha/RC/rapid-classification-ai-trainer/view/main.cpp
DA:6,0
DA:1,0
end_of_record
SF:/home/sascha/RC/rapid-classification-ai-trainer/view/mainwindow.cpp
DA:1,0
end_of_record
SF:/home/sascha/RC/rapid-classification-ai-trainer/view/newmodeldialog.cpp
DA:1,0
end_of_record
SF:/home/sascha/RC/rapid-classification-ai-trainer/view/newprojectdialog.cpp
DA:1,0
end_of_record
SF:/home/sascha/RC/rapid-classification-ai-trainer/view/removemodeldialog.cpp
DA:1,0
end_of_record
SF:/home/sascha/RC/rapid-classification-ai-trainer/view/removeprojectdialog.cpp
DA:1,0
end_of_record
SF:/home/sascha/RC/rapid-classification-ai-trainer/view/results/classificationresultswidget.cpp
DA:1,0
end_of_record
SF:/home/sascha/RC/rapid-classification-ai-trainer/view/results/classificationresultview.cpp
DA:1,0
end_of_record
SF:/home/sascha/RC/rapid-classification-ai-trainer/view/results/genericcomparisonwidget.cpp
DA:1,0
end_of_record
SF:/home/sascha/RC/rapid-classification-ai-trainer/view/results/resultswidget.cpp
DA:1,0
end_of_record
SF:/home/sascha/RC/rapid-classification-ai-trainer/view/results/topaccuraciesview.cpp
DA:1,0
end_of_record
SF:/home/sascha/RC/rapid-classification-ai-trainer/view/results/trainingresultswidget.cpp
DA:1,0
end_of_record
SF:/home/sascha/RC/rapid-classification-ai-trainer/view/results/trainingresultview.cpp
DA:1,0
end_of_record
SF:/home/sascha/RC/rapid-classification-ai-trainer/view/settingsview.cpp
DA:1,0
end_of_record
SF:/home/sascha/RC/rapid-classification-ai-trainer/view/startwidget.cpp
DA:1,0
end_of_record
SF:/home/sascha/RC/rapid-classification-ai-trainer/view/utilities/aspectratiolabel.cpp
DA:1,0
end_of_record
SF:/home/sascha/RC/rapid-classification-ai-trainer/view/utilities/canvas.cpp
DA:1,0
end_of_record
SF:/home/sascha/RC/rapid-classification-ai-trainer/view/utilities/customlistwidget.cpp
DA:4,0
DA:5,0
DA:1,0
end_of_record
SF:/home/sascha/RC/rapid-classification-ai-trainer/view/utilities/customtabbar.cpp
DA:1,0
end_of_record
SF:/home/sascha/RC/rapid-classification-ai-trainer/view/utilities/customtablewidget.cpp
DA:1,0
end_of_record
SF:/home/sascha/RC/rapid-classification-ai-trainer/view/utilities/customtabwidget.cpp
DA:1,0
end_of_record
SF:/home/sascha/RC/rapid-classification-ai-trainer/view/utilities/imagegallery.cpp
DA:1,0
end_of_record
SF:/home/sascha/RC/rapid-classification-ai-trainer/view/utilities/imagegallerytree.cpp
DA:1,0
end_of_record
SF:/home/sascha/RC/rapid-classification-ai-trainer/view/utilities/popupmenu.cpp
DA:1,0
end_of_record
SF:/home/sascha/RC/rapid-classification-ai-trainer/view/utilities/staticlist.cpp
DA:1,0
end_of_record
SF:/home/sascha/RC/rapid-classification-ai-trainer/out/xml/md__r_e_a_d_m_e.xml
DA:1,1
end_of_record
