SF:/home/sascha/RC/rapid-classification-ai-trainer/model/results/accuracycurve.h
DA:28,1
DA:36,1
DA:43,1
DA:50,1
DA:56,1
DA:18,1
end_of_record
SF:/home/sascha/RC/rapid-classification-ai-trainer/view/utilities/imagegallery.h
DA:151,1
DA:161,1
DA:172,1
DA:22,1
DA:28,1
DA:35,1
DA:42,1
DA:49,1
DA:56,1
DA:63,1
DA:70,1
DA:77,1
DA:84,1
DA:91,1
DA:98,1
DA:104,1
DA:111,1
DA:120,1
DA:129,1
DA:12,0
DA:142,0
end_of_record
SF:/home/sascha/RC/rapid-classification-ai-trainer/controller/aicontroller.h
DA:36,1
DA:43,1
DA:48,1
DA:53,1
DA:58,1
DA:63,1
DA:69,1
DA:74,1
DA:80,1
DA:86,1
DA:92,1
DA:98,1
DA:104,1
DA:26,1
end_of_record
SF:/home/sascha/RC/rapid-classification-ai-trainer/view/ai_training/aitrainingwidget.h
DA:21,1
DA:26,1
DA:32,1
DA:38,1
DA:45,1
DA:53,1
DA:60,1
DA:65,1
DA:70,1
DA:75,1
DA:85,1
DA:13,1
end_of_record
SF:/home/sascha/RC/rapid-classification-ai-trainer/controller/automationcontroller.h
DA:32,1
DA:40,1
DA:46,1
DA:53,1
DA:60,1
DA:66,1
DA:71,1
DA:78,1
DA:85,1
DA:93,1
DA:100,1
DA:105,1
DA:22,1
end_of_record
SF:/home/sascha/RC/rapid-classification-ai-trainer/view/automationwidget.h
DA:26,1
DA:31,1
DA:42,1
DA:49,1
DA:57,1
DA:63,1
DA:71,1
DA:77,1
DA:84,1
DA:91,1
DA:97,1
DA:103,1
DA:110,1
DA:117,1
DA:127,1
DA:17,1
end_of_record
SF:/home/sascha/RC/rapid-classification-ai-trainer/model/automation/automator.h
DA:25,1
DA:31,1
DA:37,1
DA:44,1
DA:51,1
DA:58,1
DA:65,1
DA:72,1
DA:79,1
DA:88,1
DA:96,1
DA:108,1
DA:115,1
DA:122,1
DA:128,1
DA:135,1
DA:142,1
DA:148,1
DA:16,1
end_of_record
SF:/home/sascha/RC/rapid-classification-ai-trainer/plugins/classificationplugins/mmclassificationplugin/basemodel.h
DA:18,1
DA:24,1
DA:30,1
DA:36,1
DA:10,1
end_of_record
SF:/home/sascha/RC/rapid-classification-ai-trainer/plugins/imageplugins/bingplugin/bingplugin.h
DA:51,1
DA:56,1
DA:60,1
DA:64,1
DA:69,1
DA:74,1
DA:26,1
end_of_record
SF:/home/sascha/RC/rapid-classification-ai-trainer/plugins/imageplugins/bingplugin/bingsettings.h
DA:30,1
DA:37,1
DA:41,1
DA:45,1
DA:49,1
DA:54,1
DA:20,1
end_of_record
SF:/home/sascha/RC/rapid-classification-ai-trainer/view/utilities/canvas.h
DA:18,1
DA:23,1
DA:29,1
DA:35,1
DA:44,1
DA:9,0
end_of_record
SF:/home/sascha/RC/rapid-classification-ai-trainer/model/utilities/ce_string.h
DA:14,1
DA:9,0
end_of_record
SF:/home/sascha/RC/rapid-classification-ai-trainer/model/automation/classificationcommand.h
DA:27,1
DA:34,1
DA:43,1
DA:15,1
end_of_record
SF:/home/sascha/RC/rapid-classification-ai-trainer/model/results/classificationgraphics.h
DA:29,1
DA:38,1
DA:45,1
DA:52,1
DA:59,1
DA:66,1
DA:18,1
end_of_record
SF:/home/sascha/RC/rapid-classification-ai-trainer/plugins/classificationplugins/classificationplugin.h
DA:15,0
DA:16,0
DA:17,0
DA:18,0
DA:19,0
DA:20,0
DA:21,0
DA:22,0
DA:23,0
DA:13,0
end_of_record
SF:/home/sascha/RC/rapid-classification-ai-trainer/plugins/classificationplugins/classificationpluginmanager.h
DA:19,0
DA:20,0
DA:28,1
DA:30,1
DA:31,1
DA:32,1
DA:33,0
DA:34,1
DA:35,0
DA:36,0
DA:37,0
DA:38,0
DA:39,0
DA:40,0
DA:41,0
DA:43,0
DA:22,0
DA:12,0
end_of_record
SF:/home/sascha/RC/rapid-classification-ai-trainer/plugins/results/classificationresult.h
DA:33,1
DA:40,1
DA:46,1
DA:52,1
DA:58,1
DA:15,1
end_of_record
SF:/home/sascha/RC/rapid-classification-ai-trainer/view/results/classificationresultswidget.h
DA:22,1
DA:27,1
DA:33,1
DA:56,1
DA:64,1
DA:71,1
DA:78,1
DA:85,1
DA:14,1
end_of_record
SF:/home/sascha/RC/rapid-classification-ai-trainer/view/results/classificationresultview.h
DA:26,1
DA:34,1
DA:40,1
DA:46,1
DA:52,1
DA:57,1
DA:19,1
end_of_record
SF:/home/sascha/RC/rapid-classification-ai-trainer/model/pluginusage/classifier.h
DA:22,1
DA:33,1
DA:43,1
DA:49,1
DA:58,1
DA:65,1
DA:13,1
end_of_record
SF:/home/sascha/RC/rapid-classification-ai-trainer/view/ai_training/codeeditor.h
DA:73,0
DA:75,0
DA:77,0
DA:79,0
DA:81,0
DA:84,0
DA:69,0
DA:101,0
DA:103,0
DA:108,0
DA:99,0
end_of_record
SF:/home/sascha/RC/rapid-classification-ai-trainer/model/automation/command.h
DA:20,1
DA:12,1
end_of_record
SF:/home/sascha/RC/rapid-classification-ai-trainer/controller/configurationcontroller.h
DA:28,1
DA:34,1
DA:42,1
DA:48,1
DA:21,1
end_of_record
SF:/home/sascha/RC/rapid-classification-ai-trainer/view/configurationdialog.h
DA:24,0
DA:25,0
DA:31,1
DA:36,1
DA:41,1
DA:46,1
DA:57,1
DA:20,1
end_of_record
SF:/home/sascha/RC/rapid-classification-ai-trainer/model/results/confusionmatrix.h
DA:28,1
DA:35,1
DA:42,1
DA:49,1
DA:56,1
DA:62,1
DA:68,1
DA:17,1
end_of_record
SF:/home/sascha/RC/rapid-classification-ai-trainer/controller/controller.h
DA:35,1
DA:42,1
DA:28,1
end_of_record
SF:/home/sascha/RC/rapid-classification-ai-trainer/view/utilities/customlistwidget.h
DA:26,1
DA:32,1
DA:38,1
DA:15,1
end_of_record
SF:/home/sascha/RC/rapid-classification-ai-trainer/view/utilities/customtabbar.h
DA:31,1
DA:37,1
DA:24,0
end_of_record
SF:/home/sascha/RC/rapid-classification-ai-trainer/view/utilities/customtablewidget.h
DA:20,1
DA:26,1
DA:34,1
DA:41,1
DA:49,1
DA:57,1
DA:14,0
end_of_record
SF:/home/sascha/RC/rapid-classification-ai-trainer/view/utilities/customtabwidget.h
DA:16,1
DA:10,0
end_of_record
SF:/home/sascha/RC/rapid-classification-ai-trainer/model/datamanager.h
DA:30,1
DA:36,1
DA:52,1
DA:58,1
DA:66,1
DA:72,1
DA:78,1
DA:84,1
DA:90,1
DA:96,1
DA:101,1
DA:107,1
DA:113,1
DA:119,1
DA:128,1
DA:140,1
DA:152,1
DA:159,1
DA:167,1
DA:173,1
DA:180,1
DA:185,1
DA:190,1
DA:198,1
DA:206,1
DA:215,1
DA:221,1
DA:226,1
DA:231,1
DA:237,1
DA:242,1
DA:248,1
DA:254,1
DA:259,1
DA:265,1
DA:270,1
DA:276,1
DA:281,1
DA:286,1
DA:297,1
DA:302,1
DA:307,1
DA:312,1
DA:42,1
DA:23,1
end_of_record
SF:/home/sascha/RC/rapid-classification-ai-trainer/model/utilities/filediff.h
DA:17,0
DA:19,0
DA:44,0
DA:13,0
end_of_record
SF:/home/sascha/RC/rapid-classification-ai-trainer/plugins/imageplugins/flickrplugin/flickrplugin.h
DA:34,1
DA:35,1
DA:36,1
DA:37,1
DA:38,1
DA:39,1
DA:28,0
end_of_record
SF:/home/sascha/RC/rapid-classification-ai-trainer/plugins/imageplugins/flickrplugin/flickrsettings.h
DA:31,1
DA:38,1
DA:42,1
DA:46,1
DA:50,1
DA:56,1
DA:62,1
DA:67,1
DA:21,1
end_of_record
SF:/home/sascha/RC/rapid-classification-ai-trainer/plugins/imageplugins/folderplugin/folderconfigwidget.h
DA:32,1
DA:41,1
DA:43,0
DA:50,1
DA:57,1
DA:64,1
DA:71,1
DA:20,1
end_of_record
SF:/home/sascha/RC/rapid-classification-ai-trainer/plugins/imageplugins/folderplugin/folderplugin.h
DA:42,1
DA:49,1
DA:55,1
DA:61,1
DA:68,1
DA:75,1
DA:27,1
end_of_record
SF:/home/sascha/RC/rapid-classification-ai-trainer/view/results/genericcomparisonwidget.h
DA:34,1
DA:41,1
DA:53,1
DA:66,1
DA:72,1
DA:78,1
DA:85,1
DA:90,1
DA:96,1
DA:102,1
DA:27,1
end_of_record
SF:/home/sascha/RC/rapid-classification-ai-trainer/view/results/genericgraphicsview.h
DA:21,1
DA:27,1
DA:33,1
DA:39,1
DA:45,1
DA:58,1
DA:64,1
DA:70,1
DA:76,1
DA:12,1
end_of_record
SF:/home/sascha/RC/rapid-classification-ai-trainer/model/results/genericresultgraphics.h
DA:49,1
DA:57,1
DA:63,1
DA:69,1
DA:75,1
DA:81,1
DA:87,1
DA:96,1
DA:105,1
DA:18,1
end_of_record
SF:/home/sascha/RC/rapid-classification-ai-trainer/view/globalsettingswidget.h
DA:22,1
DA:27,1
DA:33,1
DA:39,1
DA:45,1
DA:51,1
DA:57,1
DA:63,1
DA:69,1
DA:75,1
DA:81,1
DA:88,1
DA:93,1
DA:98,1
DA:107,1
DA:14,1
end_of_record
SF:/home/sascha/RC/rapid-classification-ai-trainer/controller/imagecontroller.h
DA:37,1
DA:46,1
DA:56,1
DA:62,1
DA:69,1
DA:75,1
DA:81,1
DA:88,1
DA:95,1
DA:101,1
DA:109,1
DA:114,1
DA:27,1
end_of_record
SF:/home/sascha/RC/rapid-classification-ai-trainer/view/utilities/imagegallerytree.h
DA:22,1
DA:28,1
DA:36,1
DA:43,1
DA:48,1
DA:13,0
end_of_record
SF:/home/sascha/RC/rapid-classification-ai-trainer/model/imageinspectionmodel.h
DA:42,1
DA:48,1
DA:54,1
DA:60,1
DA:65,1
DA:70,1
DA:75,1
DA:80,1
DA:20,1
end_of_record
SF:/home/sascha/RC/rapid-classification-ai-trainer/view/imageinspectionwidget.h
DA:28,1
DA:35,1
DA:40,1
DA:48,1
DA:54,1
DA:60,1
DA:66,1
DA:72,1
DA:79,1
DA:84,1
DA:91,1
DA:98,1
DA:19,1
end_of_record
SF:/home/sascha/RC/rapid-classification-ai-trainer/model/automation/imageloadcommand.h
DA:24,1
DA:31,1
DA:14,1
end_of_record
SF:/home/sascha/RC/rapid-classification-ai-trainer/model/pluginusage/imageloader.h
DA:20,1
DA:30,1
DA:38,1
DA:45,1
DA:54,1
DA:12,1
end_of_record
SF:/home/sascha/RC/rapid-classification-ai-trainer/plugins/imageplugins/imageloaderplugin.h
DA:26,1
DA:37,1
DA:18,1
end_of_record
SF:/home/sascha/RC/rapid-classification-ai-trainer/plugins/imageplugins/imageloaderpluginmanager.h
DA:37,1
DA:41,1
DA:60,1
DA:68,1
DA:75,1
DA:83,1
DA:91,1
DA:103,1
DA:110,1
DA:48,1
DA:24,1
end_of_record
SF:/home/sascha/RC/rapid-classification-ai-trainer/view/importfileswidget.h
DA:30,1
DA:37,1
DA:42,1
DA:48,1
DA:54,1
DA:60,1
DA:66,1
DA:72,1
DA:77,1
DA:111,1
DA:117,1
DA:123,1
DA:132,1
DA:137,1
DA:20,1
end_of_record
SF:/home/sascha/RC/rapid-classification-ai-trainer/view/inputimageswidget.h
DA:24,1
DA:29,1
DA:38,1
DA:44,1
DA:53,1
DA:62,1
DA:15,1
end_of_record
SF:/home/sascha/RC/rapid-classification-ai-trainer/model/utilities/json_toolbox.h
DA:25,1
DA:32,1
DA:40,1
DA:12,1
DA:92,1
DA:109,1
end_of_record
SF:/home/sascha/RC/rapid-classification-ai-trainer/view/mainwindow.h
DA:35,0
DA:42,1
DA:44,0
DA:46,0
DA:48,0
DA:50,0
DA:52,0
DA:54,0
DA:56,0
DA:58,0
DA:60,0
DA:67,1
DA:69,0
DA:73,0
DA:75,0
DA:30,0
end_of_record
SF:/home/sascha/RC/rapid-classification-ai-trainer/model/utilities/mapadapt.h
DA:19,1
DA:25,1
DA:31,1
DA:12,1
end_of_record
SF:/home/sascha/RC/rapid-classification-ai-trainer/plugins/classificationplugins/mmclassificationplugin/mmclassificationconfigfilebuilder.h
DA:21,1
DA:27,1
DA:33,1
DA:45,1
DA:53,1
DA:60,1
DA:67,1
DA:74,1
DA:80,1
DA:87,1
DA:101,1
DA:123,1
DA:130,1
DA:137,1
DA:144,1
DA:94,1
DA:114,1
DA:16,1
end_of_record
SF:/home/sascha/RC/rapid-classification-ai-trainer/plugins/classificationplugins/mmclassificationplugin/mmclassificationdataaugmentationinput.h
DA:31,1
DA:38,1
DA:40,0
DA:47,1
DA:54,1
DA:61,1
DA:67,1
DA:74,1
DA:81,1
DA:87,1
DA:94,1
DA:100,1
DA:106,1
DA:113,1
DA:120,1
DA:127,1
DA:134,1
DA:15,1
end_of_record
SF:/home/sascha/RC/rapid-classification-ai-trainer/plugins/classificationplugins/mmclassificationplugin/mmclassificationinputoptions.h
DA:26,1
DA:33,1
DA:34,0
DA:40,1
DA:46,1
DA:52,1
DA:58,1
DA:14,1
end_of_record
SF:/home/sascha/RC/rapid-classification-ai-trainer/plugins/classificationplugins/mmclassificationplugin/mmclassificationjsonresultreader.h
DA:19,1
DA:27,1
DA:34,1
DA:43,1
DA:51,1
DA:10,1
end_of_record
SF:/home/sascha/RC/rapid-classification-ai-trainer/plugins/classificationplugins/mmclassificationplugin/mmclassificationplugin.h
DA:88,0
DA:94,1
DA:100,1
DA:105,1
DA:111,1
DA:116,1
DA:122,1
DA:130,1
DA:137,1
DA:149,1
DA:160,1
DA:171,1
DA:177,1
DA:32,1
end_of_record
SF:/home/sascha/RC/rapid-classification-ai-trainer/plugins/classificationplugins/mmclassificationplugin/mmclassificationsettings.h
DA:26,1
DA:33,1
DA:35,0
DA:40,1
DA:45,1
DA:52,1
DA:58,1
DA:64,1
DA:16,1
end_of_record
SF:/home/sascha/RC/rapid-classification-ai-trainer/plugins/classificationplugins/mmclassificationplugin/model.h
DA:23,1
DA:29,1
DA:35,1
DA:41,1
DA:47,1
DA:53,1
DA:59,1
DA:65,1
DA:71,1
DA:11,1
end_of_record
SF:/home/sascha/RC/rapid-classification-ai-trainer/controller/modelcontroller.h
DA:31,1
DA:38,1
DA:46,1
DA:52,1
DA:57,1
DA:63,1
DA:69,1
DA:75,1
DA:83,1
DA:21,1
end_of_record
SF:/home/sascha/RC/rapid-classification-ai-trainer/model/modelmanager.h
DA:31,1
DA:37,1
DA:56,1
DA:63,1
DA:70,1
DA:75,1
DA:80,1
DA:85,1
DA:90,1
DA:98,1
DA:104,1
DA:112,1
DA:120,1
DA:129,1
DA:43,1
DA:24,1
end_of_record
SF:/home/sascha/RC/rapid-classification-ai-trainer/view/newmodeldialog.h
DA:22,1
DA:23,0
DA:29,1
DA:34,1
DA:41,1
DA:50,1
DA:56,1
DA:13,1
end_of_record
SF:/home/sascha/RC/rapid-classification-ai-trainer/view/newprojectdialog.h
DA:21,1
DA:22,0
DA:27,1
DA:32,1
DA:37,1
DA:44,1
DA:13,1
end_of_record
SF:/home/sascha/RC/rapid-classification-ai-trainer/plugins/plugin.h
DA:27,1
DA:34,1
DA:40,1
DA:47,1
DA:18,1
end_of_record
SF:/home/sascha/RC/rapid-classification-ai-trainer/plugins/pluginmanager.h
DA:27,1
DA:34,1
DA:42,1
DA:49,1
DA:56,1
DA:17,1
end_of_record
SF:/home/sascha/RC/rapid-classification-ai-trainer/view/utilities/popupmenu.h
DA:21,1
DA:29,1
DA:35,1
DA:11,0
end_of_record
SF:/home/sascha/RC/rapid-classification-ai-trainer/model/pluginusage/progressable.h
DA:17,1
DA:26,1
DA:10,1
end_of_record
SF:/home/sascha/RC/rapid-classification-ai-trainer/model/pluginusage/progressableplugin.h
DA:20,1
DA:26,1
DA:32,1
DA:39,1
DA:46,1
DA:11,1
end_of_record
SF:/home/sascha/RC/rapid-classification-ai-trainer/controller/projectcontroller.h
DA:34,1
DA:39,1
DA:47,1
DA:53,1
DA:59,1
DA:65,1
DA:70,1
DA:76,1
DA:81,1
DA:24,1
end_of_record
SF:/home/sascha/RC/rapid-classification-ai-trainer/model/projectmanager.h
DA:34,1
DA:40,1
DA:56,1
DA:64,1
DA:70,1
DA:76,1
DA:81,1
DA:87,1
DA:93,1
DA:99,1
DA:104,1
DA:110,1
DA:118,1
DA:125,1
DA:131,1
DA:137,1
DA:143,1
DA:148,1
DA:156,1
DA:162,1
DA:46,1
DA:26,1
end_of_record
SF:/home/sascha/RC/rapid-classification-ai-trainer/view/ai_training/pythonconfigdiffwidget.h
DA:25,1
DA:28,0
DA:30,0
DA:16,0
end_of_record
SF:/home/sascha/RC/rapid-classification-ai-trainer/view/removeprojectdialog.h
DA:14,0
DA:23,1
DA:24,0
DA:29,1
DA:36,1
end_of_record
SF:/home/sascha/RC/rapid-classification-ai-trainer/view/utilities/qinputcontrol_p.h
DA:70,1
DA:80,1
DA:87,1
DA:94,1
DA:103,1
DA:64,1
end_of_record
SF:/home/sascha/RC/rapid-classification-ai-trainer/view/startwidget.h
DA:18,0
DA:26,1
DA:27,0
DA:32,1
DA:38,1
DA:44,1
DA:49,1
DA:52,0
DA:54,0
DA:55,0
DA:81,1
DA:87,1
DA:93,1
DA:95,0
DA:97,0
end_of_record
SF:/home/sascha/RC/rapid-classification-ai-trainer/view/removemodeldialog.h
DA:23,1
DA:24,0
DA:29,1
DA:35,1
DA:14,1
end_of_record
SF:/home/sascha/RC/rapid-classification-ai-trainer/plugins/results/result.h
DA:21,1
DA:27,1
DA:33,1
DA:41,1
DA:49,1
DA:66,1
DA:88,1
DA:55,1
DA:61,1
DA:74,1
DA:82,1
DA:9,1
end_of_record
SF:/home/sascha/RC/rapid-classification-ai-trainer/controller/resultscontroller.h
DA:38,1
DA:47,1
DA:53,1
DA:59,1
DA:29,0
end_of_record
SF:/home/sascha/RC/rapid-classification-ai-trainer/model/results/resultsexporter.h
DA:33,1
DA:38,1
DA:47,1
DA:54,1
DA:61,1
DA:26,1
end_of_record
SF:/home/sascha/RC/rapid-classification-ai-trainer/model/results/resultsimporter.h
DA:26,1
DA:31,1
DA:40,1
DA:47,1
DA:58,1
DA:67,1
DA:76,1
DA:84,1
DA:93,1
DA:100,1
DA:19,1
end_of_record
SF:/home/sascha/RC/rapid-classification-ai-trainer/model/results/resultsprocessor.h
DA:38,1
DA:48,1
DA:59,1
DA:68,1
DA:78,1
DA:87,1
DA:32,1
end_of_record
SF:/home/sascha/RC/rapid-classification-ai-trainer/view/results/resultswidget.h
DA:21,1
DA:28,1
DA:33,1
DA:39,1
DA:45,1
DA:50,1
DA:59,1
DA:65,1
DA:14,1
end_of_record
SF:/home/sascha/RC/rapid-classification-ai-trainer/view/results/savableresultswidget.h
DA:20,1
DA:27,1
DA:12,1
end_of_record
SF:/home/sascha/RC/rapid-classification-ai-trainer/controller/settingscontroller.h
DA:35,1
DA:44,1
DA:51,1
DA:59,1
DA:67,1
DA:74,1
DA:81,1
DA:25,1
end_of_record
SF:/home/sascha/RC/rapid-classification-ai-trainer/model/settingsmanager.h
DA:31,1
DA:37,1
DA:52,1
DA:57,1
DA:63,1
DA:69,1
DA:74,1
DA:80,1
DA:85,1
DA:91,1
DA:96,1
DA:107,1
DA:113,1
DA:118,1
DA:124,1
DA:133,1
DA:160,1
DA:165,1
DA:43,1
DA:145,1
DA:152,1
DA:23,1
end_of_record
SF:/home/sascha/RC/rapid-classification-ai-trainer/view/settingsview.h
DA:29,1
DA:34,1
DA:43,1
DA:50,1
DA:55,1
DA:62,1
DA:69,1
DA:76,1
DA:83,1
DA:90,1
DA:95,1
DA:105,1
DA:112,1
DA:121,1
DA:20,1
end_of_record
SF:/home/sascha/RC/rapid-classification-ai-trainer/model/automation/splitcommand.h
DA:23,1
DA:31,1
DA:34,0
DA:13,1
end_of_record
SF:/home/sascha/RC/rapid-classification-ai-trainer/controller/tabcontroller.h
DA:24,1
DA:29,1
DA:33,1
DA:35,0
DA:17,1
end_of_record
SF:/home/sascha/RC/rapid-classification-ai-trainer/model/automation/task.h
DA:38,1
DA:45,1
DA:53,1
DA:59,1
DA:65,1
DA:72,1
DA:77,1
DA:87,1
DA:94,1
DA:101,1
DA:110,1
DA:117,1
DA:124,1
DA:131,1
DA:28,1
DA:16,1
end_of_record
SF:/home/sascha/RC/rapid-classification-ai-trainer/model/results/topaccuraciesgraphics.h
DA:24,1
DA:32,1
DA:39,1
DA:46,1
DA:53,1
DA:60,1
DA:66,1
DA:15,1
end_of_record
SF:/home/sascha/RC/rapid-classification-ai-trainer/view/results/topaccuraciesview.h
DA:25,1
DA:33,1
DA:41,1
DA:47,1
DA:53,1
DA:59,1
DA:65,1
DA:71,1
DA:76,1
DA:84,1
DA:18,1
end_of_record
SF:/home/sascha/RC/rapid-classification-ai-trainer/model/pluginusage/trainer.h
DA:24,1
DA:35,1
DA:46,1
DA:53,1
DA:63,1
DA:69,1
DA:77,1
DA:85,1
DA:91,1
DA:98,1
DA:15,1
end_of_record
SF:/home/sascha/RC/rapid-classification-ai-trainer/model/automation/trainingcommand.h
DA:29,1
DA:36,1
DA:45,1
DA:16,1
end_of_record
SF:/home/sascha/RC/rapid-classification-ai-trainer/plugins/results/trainingresult.h
DA:43,1
DA:52,1
DA:58,1
DA:64,1
DA:70,1
DA:76,1
DA:82,1
DA:88,1
DA:94,1
DA:100,1
DA:16,1
end_of_record
SF:/home/sascha/RC/rapid-classification-ai-trainer/view/results/trainingresultswidget.h
DA:27,1
DA:32,1
DA:38,1
DA:44,1
DA:73,1
DA:80,1
DA:87,1
DA:96,1
DA:104,1
DA:111,1
DA:119,1
DA:127,1
DA:134,1
DA:19,1
end_of_record
SF:/home/sascha/RC/rapid-classification-ai-trainer/view/results/trainingresultview.h
DA:23,1
DA:31,1
DA:37,1
DA:43,1
DA:49,1
DA:55,1
DA:61,1
DA:66,1
DA:17,1
end_of_record
SF:/home/sascha/RC/rapid-classification-ai-trainer/controller/tabcontroller.cpp
DA:14,1
end_of_record
SF:/home/sascha/RC/rapid-classification-ai-trainer/model/results/resultsimporter.cpp
DA:3,0
end_of_record
SF:/home/sascha/RC/rapid-classification-ai-trainer/model/utilities/filediff.cpp
DA:4,0
end_of_record
SF:/home/sascha/RC/rapid-classification-ai-trainer/view/main.cpp
DA:6,0
end_of_record
